c:\users\ssbms\onedrive\personal projects\ayura\debug\ayura.lib
c:\users\ssbms\onedrive\personal projects\ayura\debug\ayura.exp
c:\users\ssbms\onedrive\personal projects\ayura\ayura\debug\vc142.pdb
c:\users\ssbms\onedrive\personal projects\ayura\ayura\debug\vc142.idb
c:\users\ssbms\onedrive\personal projects\ayura\ayura\debug\pieces.obj
c:\users\ssbms\onedrive\personal projects\ayura\ayura\debug\main.obj
c:\users\ssbms\onedrive\personal projects\ayura\ayura\debug\board.obj
c:\users\ssbms\onedrive\personal projects\ayura\ayura\debug\io.obj
c:\users\ssbms\onedrive\personal projects\ayura\ayura\debug\game.obj
c:\users\ssbms\onedrive\personal projects\ayura\debug\ayura.exe
c:\users\ssbms\onedrive\personal projects\ayura\debug\ayura.pdb
c:\users\ssbms\onedrive\personal projects\ayura\ayura\debug\ayura.ilk
c:\users\ssbms\onedrive\personal projects\ayura\ayura\debug\ayura.tlog\ayura.write.1u.tlog
c:\users\ssbms\onedrive\personal projects\ayura\ayura\debug\ayura.tlog\cl.command.1.tlog
c:\users\ssbms\onedrive\personal projects\ayura\ayura\debug\ayura.tlog\cl.read.1.tlog
c:\users\ssbms\onedrive\personal projects\ayura\ayura\debug\ayura.tlog\cl.write.1.tlog
c:\users\ssbms\onedrive\personal projects\ayura\ayura\debug\ayura.tlog\link.command.1.tlog
c:\users\ssbms\onedrive\personal projects\ayura\ayura\debug\ayura.tlog\link.delete.1.tlog
c:\users\ssbms\onedrive\personal projects\ayura\ayura\debug\ayura.tlog\link.read.1.tlog
c:\users\ssbms\onedrive\personal projects\ayura\ayura\debug\ayura.tlog\link.write.1.tlog
